#
# There is insufficient memory for the Java Runtime Environment to continue.
# Native memory allocation (malloc) failed to allocate 1129584 bytes. Error detail: Chunk::new
# Possible reasons:
#   The system is out of physical RAM or swap space
#   This process is running with CompressedOops enabled, and the Java Heap may be blocking the growth of the native heap
# Possible solutions:
#   Reduce memory load on the system
#   Increase physical memory or swap space
#   Check if swap backing store is full
#   Decrease Java heap size (-Xmx/-Xms)
#   Decrease number of Java threads
#   Decrease Java thread stack sizes (-Xss)
#   Set larger code cache with -XX:ReservedCodeCacheSize=
#   JVM is running with Unscaled Compressed Oops mode in which the Java heap is
#     placed in the first 4GB address space. The Java Heap base address is the
#     maximum limit for the native heap growth. Please use -XX:HeapBaseMinAddress
#     to set the Java Heap base and to place the Java Heap above 4GB virtual address.
# This output file may be truncated or incomplete.
#
#  Out of Memory Error (arena.cpp:168), pid=12976, tid=8460
#
# JRE version: OpenJDK Runtime Environment (21.0.6) (build 21.0.6+-13355223-b631.42)
# Java VM: OpenJDK 64-Bit Server VM (21.0.6+-13355223-b631.42, mixed mode, tiered, compressed oops, compressed class ptrs, g1 gc, windows-amd64)
# No core dump will be written. Minidumps are not enabled by default on client versions of Windows
#

---------------  S U M M A R Y ------------

Command Line: git4idea.http.GitAskPassApp Username for 'https://github.com': 

Host: Intel(R) Core(TM) i5-8365U CPU @ 1.60GHz, 8 cores, 7G,  Windows 11 , 64 bit Build 22621 (10.0.22621.5262)
Time: Sun Jun  1 18:24:07 2025 SE Asia Standard Time elapsed time: 0.851341 seconds (0d 0h 0m 0s)

---------------  T H R E A D  ---------------

Current thread (0x000001fe74080f40):  JavaThread "C2 CompilerThread0" daemon [_thread_in_native, id=8460, stack(0x000000992bc00000,0x000000992bd00000) (1024K)]


Current CompileTask:
C2:851 1073       4       sun.security.ec.ECOperations::setDouble (463 bytes)

Stack: [0x000000992bc00000,0x000000992bd00000]
Native frames: (J=compiled Java code, j=interpreted, Vv=VM code, C=native code)
V  [jvm.dll+0x6d05a9]
V  [jvm.dll+0x85ea73]
V  [jvm.dll+0x860fce]
V  [jvm.dll+0x8616b3]
V  [jvm.dll+0x27e6e6]
V  [jvm.dll+0xbff6d]
V  [jvm.dll+0xc04a3]
V  [jvm.dll+0x3b616b]
V  [jvm.dll+0x1de872]
V  [jvm.dll+0x247dd4]
V  [jvm.dll+0x247251]
V  [jvm.dll+0x1c5f04]
V  [jvm.dll+0x2569ac]
V  [jvm.dll+0x254ef6]
V  [jvm.dll+0x3f0e56]
V  [jvm.dll+0x806e48]
V  [jvm.dll+0x6cee7d]
C  [ucrtbase.dll+0x29333]
C  [KERNEL32.DLL+0x1259d]
C  [ntdll.dll+0x5af58]


---------------  P R O C E S S  ---------------

Threads class SMR info:
_java_thread_list=0x000001fe748a2b50, length=15, elements={
0x000001fe5852efd0, 0x000001fe74076210, 0x000001fe74052bf0, 0x000001fe7405d9e0,
0x000001fe7405bc10, 0x000001fe740601f0, 0x000001fe74060c40, 0x000001fe74080f40,
0x000001fe740a15f0, 0x000001fe74236a10, 0x000001fe7423d6d0, 0x000001fe74760c10,
0x000001fe747b2450, 0x000001fe747dff20, 0x000001fe748a2430
}

Java Threads: ( => current thread )
  0x000001fe5852efd0 JavaThread "main"                              [_thread_blocked, id=1420, stack(0x000000992ae00000,0x000000992af00000) (1024K)]
  0x000001fe74076210 JavaThread "Reference Handler"          daemon [_thread_blocked, id=18092, stack(0x000000992b600000,0x000000992b700000) (1024K)]
  0x000001fe74052bf0 JavaThread "Finalizer"                  daemon [_thread_blocked, id=17708, stack(0x000000992b700000,0x000000992b800000) (1024K)]
  0x000001fe7405d9e0 JavaThread "Signal Dispatcher"          daemon [_thread_blocked, id=23144, stack(0x000000992b800000,0x000000992b900000) (1024K)]
  0x000001fe7405bc10 JavaThread "Attach Listener"            daemon [_thread_blocked, id=1544, stack(0x000000992b900000,0x000000992ba00000) (1024K)]
  0x000001fe740601f0 JavaThread "Service Thread"             daemon [_thread_blocked, id=22828, stack(0x000000992ba00000,0x000000992bb00000) (1024K)]
  0x000001fe74060c40 JavaThread "Monitor Deflation Thread"   daemon [_thread_blocked, id=5904, stack(0x000000992bb00000,0x000000992bc00000) (1024K)]
=>0x000001fe74080f40 JavaThread "C2 CompilerThread0"         daemon [_thread_in_native, id=8460, stack(0x000000992bc00000,0x000000992bd00000) (1024K)]
  0x000001fe740a15f0 JavaThread "C1 CompilerThread0"         daemon [_thread_blocked, id=14980, stack(0x000000992bd00000,0x000000992be00000) (1024K)]
  0x000001fe74236a10 JavaThread "Notification Thread"        daemon [_thread_blocked, id=20492, stack(0x000000992be00000,0x000000992bf00000) (1024K)]
  0x000001fe7423d6d0 JavaThread "Common-Cleaner"             daemon [_thread_blocked, id=16776, stack(0x000000992bf00000,0x000000992c000000) (1024K)]
  0x000001fe74760c10 JavaThread "HttpClient-1-SelectorManager" daemon [_thread_in_native, id=20988, stack(0x000000992c000000,0x000000992c100000) (1024K)]
  0x000001fe747b2450 JavaThread "HttpClient-1-Worker-0"      daemon [_thread_blocked, id=14460, stack(0x000000992c200000,0x000000992c300000) (1024K)]
  0x000001fe747dff20 JavaThread "HttpClient-1-Worker-1"      daemon [_thread_blocked, id=13460, stack(0x000000992c300000,0x000000992c400000) (1024K)]
  0x000001fe748a2430 JavaThread "C2 CompilerThread1"         daemon [_thread_blocked, id=9300, stack(0x000000992c400000,0x000000992c500000) (1024K)]
Total: 15

Other Threads:
  0x000001fe6fb07500 VMThread "VM Thread"                           [id=8940, stack(0x000000992b500000,0x000000992b600000) (1024K)]
  0x000001fe6fac16e0 WatcherThread "VM Periodic Task Thread"        [id=19924, stack(0x000000992b400000,0x000000992b500000) (1024K)]
  0x000001fe58580d90 WorkerThread "GC Thread#0"                     [id=10744, stack(0x000000992af00000,0x000000992b000000) (1024K)]
  0x000001fe585916b0 ConcurrentGCThread "G1 Main Marker"            [id=13120, stack(0x000000992b000000,0x000000992b100000) (1024K)]
  0x000001fe58592320 WorkerThread "G1 Conc#0"                       [id=19372, stack(0x000000992b100000,0x000000992b200000) (1024K)]
  0x000001fe6f994180 ConcurrentGCThread "G1 Refine#0"               [id=3672, stack(0x000000992b200000,0x000000992b300000) (1024K)]
  0x000001fe6f994c00 ConcurrentGCThread "G1 Service"                [id=19120, stack(0x000000992b300000,0x000000992b400000) (1024K)]
Total: 7

Threads with active compile tasks:
C2 CompilerThread0  883 1073       4       sun.security.ec.ECOperations::setDouble (463 bytes)
Total: 1

VM state: not at safepoint (normal execution)

VM Mutex/Monitor currently owned by a thread: None

Heap address: 0x0000000083600000, size: 1994 MB, Compressed Oops mode: 32-bit

CDS archive(s) not mapped
Compressed class space mapped at: 0x0000000100000000-0x0000000140000000, reserved size: 1073741824
Narrow klass base: 0x0000000000000000, Narrow klass shift: 3, Narrow klass range: 0x140000000

GC Precious Log:
 CardTable entry size: 512
 Card Set container configuration: InlinePtr #cards 5 size 8 Array Of Cards #cards 12 size 40 Howl #buckets 4 coarsen threshold 1843 Howl Bitmap #cards 512 size 80 coarsen threshold 460 Card regions per heap region 1 cards per card region 2048
 CPUs: 8 total, 8 available
 Memory: 7973M
 Large Page Support: Disabled
 NUMA Support: Disabled
 Compressed Oops: Enabled (32-bit)
 Heap Region Size: 1M
 Heap Min Capacity: 8M
 Heap Initial Capacity: 126M
 Heap Max Capacity: 1994M
 Pre-touch: Disabled
 Parallel Workers: 8
 Concurrent Workers: 2
 Concurrent Refinement Workers: 8
 Periodic GC: Disabled

Heap:
 garbage-first heap   total 129024K, used 14336K [0x0000000083600000, 0x0000000100000000)
  region size 1024K, 15 young (15360K), 0 survivors (0K)
 Metaspace       used 16868K, committed 17152K, reserved 1114112K
  class space    used 1792K, committed 1920K, reserved 1048576K

Heap Regions: E=young(eden), S=young(survivor), O=old, HS=humongous(starts), HC=humongous(continues), CS=collection set, F=free, TAMS=top-at-mark-start, PB=parsable bottom
|   0|0x0000000083600000, 0x0000000083600000, 0x0000000083700000|  0%| F|  |TAMS 0x0000000083600000| PB 0x0000000083600000| Untracked 
|   1|0x0000000083700000, 0x0000000083700000, 0x0000000083800000|  0%| F|  |TAMS 0x0000000083700000| PB 0x0000000083700000| Untracked 
|   2|0x0000000083800000, 0x0000000083800000, 0x0000000083900000|  0%| F|  |TAMS 0x0000000083800000| PB 0x0000000083800000| Untracked 
|   3|0x0000000083900000, 0x0000000083900000, 0x0000000083a00000|  0%| F|  |TAMS 0x0000000083900000| PB 0x0000000083900000| Untracked 
|   4|0x0000000083a00000, 0x0000000083a00000, 0x0000000083b00000|  0%| F|  |TAMS 0x0000000083a00000| PB 0x0000000083a00000| Untracked 
|   5|0x0000000083b00000, 0x0000000083b00000, 0x0000000083c00000|  0%| F|  |TAMS 0x0000000083b00000| PB 0x0000000083b00000| Untracked 
|   6|0x0000000083c00000, 0x0000000083c00000, 0x0000000083d00000|  0%| F|  |TAMS 0x0000000083c00000| PB 0x0000000083c00000| Untracked 
|   7|0x0000000083d00000, 0x0000000083d00000, 0x0000000083e00000|  0%| F|  |TAMS 0x0000000083d00000| PB 0x0000000083d00000| Untracked 
|   8|0x0000000083e00000, 0x0000000083e00000, 0x0000000083f00000|  0%| F|  |TAMS 0x0000000083e00000| PB 0x0000000083e00000| Untracked 
|   9|0x0000000083f00000, 0x0000000083f00000, 0x0000000084000000|  0%| F|  |TAMS 0x0000000083f00000| PB 0x0000000083f00000| Untracked 
|  10|0x0000000084000000, 0x0000000084000000, 0x0000000084100000|  0%| F|  |TAMS 0x0000000084000000| PB 0x0000000084000000| Untracked 
|  11|0x0000000084100000, 0x0000000084100000, 0x0000000084200000|  0%| F|  |TAMS 0x0000000084100000| PB 0x0000000084100000| Untracked 
|  12|0x0000000084200000, 0x0000000084200000, 0x0000000084300000|  0%| F|  |TAMS 0x0000000084200000| PB 0x0000000084200000| Untracked 
|  13|0x0000000084300000, 0x0000000084300000, 0x0000000084400000|  0%| F|  |TAMS 0x0000000084300000| PB 0x0000000084300000| Untracked 
|  14|0x0000000084400000, 0x0000000084400000, 0x0000000084500000|  0%| F|  |TAMS 0x0000000084400000| PB 0x0000000084400000| Untracked 
|  15|0x0000000084500000, 0x0000000084500000, 0x0000000084600000|  0%| F|  |TAMS 0x0000000084500000| PB 0x0000000084500000| Untracked 
|  16|0x0000000084600000, 0x0000000084600000, 0x0000000084700000|  0%| F|  |TAMS 0x0000000084600000| PB 0x0000000084600000| Untracked 
|  17|0x0000000084700000, 0x0000000084700000, 0x0000000084800000|  0%| F|  |TAMS 0x0000000084700000| PB 0x0000000084700000| Untracked 
|  18|0x0000000084800000, 0x0000000084800000, 0x0000000084900000|  0%| F|  |TAMS 0x0000000084800000| PB 0x0000000084800000| Untracked 
|  19|0x0000000084900000, 0x0000000084900000, 0x0000000084a00000|  0%| F|  |TAMS 0x0000000084900000| PB 0x0000000084900000| Untracked 
|  20|0x0000000084a00000, 0x0000000084a00000, 0x0000000084b00000|  0%| F|  |TAMS 0x0000000084a00000| PB 0x0000000084a00000| Untracked 
|  21|0x0000000084b00000, 0x0000000084b00000, 0x0000000084c00000|  0%| F|  |TAMS 0x0000000084b00000| PB 0x0000000084b00000| Untracked 
|  22|0x0000000084c00000, 0x0000000084c00000, 0x0000000084d00000|  0%| F|  |TAMS 0x0000000084c00000| PB 0x0000000084c00000| Untracked 
|  23|0x0000000084d00000, 0x0000000084d00000, 0x0000000084e00000|  0%| F|  |TAMS 0x0000000084d00000| PB 0x0000000084d00000| Untracked 
|  24|0x0000000084e00000, 0x0000000084e00000, 0x0000000084f00000|  0%| F|  |TAMS 0x0000000084e00000| PB 0x0000000084e00000| Untracked 
|  25|0x0000000084f00000, 0x0000000084f00000, 0x0000000085000000|  0%| F|  |TAMS 0x0000000084f00000| PB 0x0000000084f00000| Untracked 
|  26|0x0000000085000000, 0x0000000085000000, 0x0000000085100000|  0%| F|  |TAMS 0x0000000085000000| PB 0x0000000085000000| Untracked 
|  27|0x0000000085100000, 0x0000000085100000, 0x0000000085200000|  0%| F|  |TAMS 0x0000000085100000| PB 0x0000000085100000| Untracked 
|  28|0x0000000085200000, 0x0000000085200000, 0x0000000085300000|  0%| F|  |TAMS 0x0000000085200000| PB 0x0000000085200000| Untracked 
|  29|0x0000000085300000, 0x0000000085300000, 0x0000000085400000|  0%| F|  |TAMS 0x0000000085300000| PB 0x0000000085300000| Untracked 
|  30|0x0000000085400000, 0x0000000085400000, 0x0000000085500000|  0%| F|  |TAMS 0x0000000085400000| PB 0x0000000085400000| Untracked 
|  31|0x0000000085500000, 0x0000000085500000, 0x0000000085600000|  0%| F|  |TAMS 0x0000000085500000| PB 0x0000000085500000| Untracked 
|  32|0x0000000085600000, 0x0000000085600000, 0x0000000085700000|  0%| F|  |TAMS 0x0000000085600000| PB 0x0000000085600000| Untracked 
|  33|0x0000000085700000, 0x0000000085700000, 0x0000000085800000|  0%| F|  |TAMS 0x0000000085700000| PB 0x0000000085700000| Untracked 
|  34|0x0000000085800000, 0x0000000085800000, 0x0000000085900000|  0%| F|  |TAMS 0x0000000085800000| PB 0x0000000085800000| Untracked 
|  35|0x0000000085900000, 0x0000000085900000, 0x0000000085a00000|  0%| F|  |TAMS 0x0000000085900000| PB 0x0000000085900000| Untracked 
|  36|0x0000000085a00000, 0x0000000085a00000, 0x0000000085b00000|  0%| F|  |TAMS 0x0000000085a00000| PB 0x0000000085a00000| Untracked 
|  37|0x0000000085b00000, 0x0000000085b00000, 0x0000000085c00000|  0%| F|  |TAMS 0x0000000085b00000| PB 0x0000000085b00000| Untracked 
|  38|0x0000000085c00000, 0x0000000085c00000, 0x0000000085d00000|  0%| F|  |TAMS 0x0000000085c00000| PB 0x0000000085c00000| Untracked 
|  39|0x0000000085d00000, 0x0000000085d00000, 0x0000000085e00000|  0%| F|  |TAMS 0x0000000085d00000| PB 0x0000000085d00000| Untracked 
|  40|0x0000000085e00000, 0x0000000085e00000, 0x0000000085f00000|  0%| F|  |TAMS 0x0000000085e00000| PB 0x0000000085e00000| Untracked 
|  41|0x0000000085f00000, 0x0000000085f00000, 0x0000000086000000|  0%| F|  |TAMS 0x0000000085f00000| PB 0x0000000085f00000| Untracked 
|  42|0x0000000086000000, 0x0000000086000000, 0x0000000086100000|  0%| F|  |TAMS 0x0000000086000000| PB 0x0000000086000000| Untracked 
|  43|0x0000000086100000, 0x0000000086100000, 0x0000000086200000|  0%| F|  |TAMS 0x0000000086100000| PB 0x0000000086100000| Untracked 
|  44|0x0000000086200000, 0x0000000086200000, 0x0000000086300000|  0%| F|  |TAMS 0x0000000086200000| PB 0x0000000086200000| Untracked 
|  45|0x0000000086300000, 0x0000000086300000, 0x0000000086400000|  0%| F|  |TAMS 0x0000000086300000| PB 0x0000000086300000| Untracked 
|  46|0x0000000086400000, 0x0000000086400000, 0x0000000086500000|  0%| F|  |TAMS 0x0000000086400000| PB 0x0000000086400000| Untracked 
|  47|0x0000000086500000, 0x0000000086500000, 0x0000000086600000|  0%| F|  |TAMS 0x0000000086500000| PB 0x0000000086500000| Untracked 
|  48|0x0000000086600000, 0x0000000086600000, 0x0000000086700000|  0%| F|  |TAMS 0x0000000086600000| PB 0x0000000086600000| Untracked 
|  49|0x0000000086700000, 0x0000000086700000, 0x0000000086800000|  0%| F|  |TAMS 0x0000000086700000| PB 0x0000000086700000| Untracked 
|  50|0x0000000086800000, 0x0000000086800000, 0x0000000086900000|  0%| F|  |TAMS 0x0000000086800000| PB 0x0000000086800000| Untracked 
|  51|0x0000000086900000, 0x0000000086900000, 0x0000000086a00000|  0%| F|  |TAMS 0x0000000086900000| PB 0x0000000086900000| Untracked 
|  52|0x0000000086a00000, 0x0000000086a00000, 0x0000000086b00000|  0%| F|  |TAMS 0x0000000086a00000| PB 0x0000000086a00000| Untracked 
|  53|0x0000000086b00000, 0x0000000086b00000, 0x0000000086c00000|  0%| F|  |TAMS 0x0000000086b00000| PB 0x0000000086b00000| Untracked 
|  54|0x0000000086c00000, 0x0000000086c00000, 0x0000000086d00000|  0%| F|  |TAMS 0x0000000086c00000| PB 0x0000000086c00000| Untracked 
|  55|0x0000000086d00000, 0x0000000086d00000, 0x0000000086e00000|  0%| F|  |TAMS 0x0000000086d00000| PB 0x0000000086d00000| Untracked 
|  56|0x0000000086e00000, 0x0000000086e00000, 0x0000000086f00000|  0%| F|  |TAMS 0x0000000086e00000| PB 0x0000000086e00000| Untracked 
|  57|0x0000000086f00000, 0x0000000086f00000, 0x0000000087000000|  0%| F|  |TAMS 0x0000000086f00000| PB 0x0000000086f00000| Untracked 
|  58|0x0000000087000000, 0x0000000087000000, 0x0000000087100000|  0%| F|  |TAMS 0x0000000087000000| PB 0x0000000087000000| Untracked 
|  59|0x0000000087100000, 0x0000000087100000, 0x0000000087200000|  0%| F|  |TAMS 0x0000000087100000| PB 0x0000000087100000| Untracked 
|  60|0x0000000087200000, 0x0000000087200000, 0x0000000087300000|  0%| F|  |TAMS 0x0000000087200000| PB 0x0000000087200000| Untracked 
|  61|0x0000000087300000, 0x0000000087300000, 0x0000000087400000|  0%| F|  |TAMS 0x0000000087300000| PB 0x0000000087300000| Untracked 
|  62|0x0000000087400000, 0x0000000087400000, 0x0000000087500000|  0%| F|  |TAMS 0x0000000087400000| PB 0x0000000087400000| Untracked 
|  63|0x0000000087500000, 0x0000000087500000, 0x0000000087600000|  0%| F|  |TAMS 0x0000000087500000| PB 0x0000000087500000| Untracked 
|  64|0x0000000087600000, 0x0000000087600000, 0x0000000087700000|  0%| F|  |TAMS 0x0000000087600000| PB 0x0000000087600000| Untracked 
|  65|0x0000000087700000, 0x0000000087700000, 0x0000000087800000|  0%| F|  |TAMS 0x0000000087700000| PB 0x0000000087700000| Untracked 
|  66|0x0000000087800000, 0x0000000087800000, 0x0000000087900000|  0%| F|  |TAMS 0x0000000087800000| PB 0x0000000087800000| Untracked 
|  67|0x0000000087900000, 0x0000000087900000, 0x0000000087a00000|  0%| F|  |TAMS 0x0000000087900000| PB 0x0000000087900000| Untracked 
|  68|0x0000000087a00000, 0x0000000087a00000, 0x0000000087b00000|  0%| F|  |TAMS 0x0000000087a00000| PB 0x0000000087a00000| Untracked 
|  69|0x0000000087b00000, 0x0000000087b00000, 0x0000000087c00000|  0%| F|  |TAMS 0x0000000087b00000| PB 0x0000000087b00000| Untracked 
|  70|0x0000000087c00000, 0x0000000087c00000, 0x0000000087d00000|  0%| F|  |TAMS 0x0000000087c00000| PB 0x0000000087c00000| Untracked 
|  71|0x0000000087d00000, 0x0000000087d00000, 0x0000000087e00000|  0%| F|  |TAMS 0x0000000087d00000| PB 0x0000000087d00000| Untracked 
|  72|0x0000000087e00000, 0x0000000087e00000, 0x0000000087f00000|  0%| F|  |TAMS 0x0000000087e00000| PB 0x0000000087e00000| Untracked 
|  73|0x0000000087f00000, 0x0000000087f00000, 0x0000000088000000|  0%| F|  |TAMS 0x0000000087f00000| PB 0x0000000087f00000| Untracked 
|  74|0x0000000088000000, 0x0000000088000000, 0x0000000088100000|  0%| F|  |TAMS 0x0000000088000000| PB 0x0000000088000000| Untracked 
|  75|0x0000000088100000, 0x0000000088100000, 0x0000000088200000|  0%| F|  |TAMS 0x0000000088100000| PB 0x0000000088100000| Untracked 
|  76|0x0000000088200000, 0x0000000088200000, 0x0000000088300000|  0%| F|  |TAMS 0x0000000088200000| PB 0x0000000088200000| Untracked 
|  77|0x0000000088300000, 0x0000000088300000, 0x0000000088400000|  0%| F|  |TAMS 0x0000000088300000| PB 0x0000000088300000| Untracked 
|  78|0x0000000088400000, 0x0000000088400000, 0x0000000088500000|  0%| F|  |TAMS 0x0000000088400000| PB 0x0000000088400000| Untracked 
|  79|0x0000000088500000, 0x0000000088500000, 0x0000000088600000|  0%| F|  |TAMS 0x0000000088500000| PB 0x0000000088500000| Untracked 
|  80|0x0000000088600000, 0x0000000088600000, 0x0000000088700000|  0%| F|  |TAMS 0x0000000088600000| PB 0x0000000088600000| Untracked 
|  81|0x0000000088700000, 0x0000000088700000, 0x0000000088800000|  0%| F|  |TAMS 0x0000000088700000| PB 0x0000000088700000| Untracked 
|  82|0x0000000088800000, 0x0000000088800000, 0x0000000088900000|  0%| F|  |TAMS 0x0000000088800000| PB 0x0000000088800000| Untracked 
|  83|0x0000000088900000, 0x0000000088900000, 0x0000000088a00000|  0%| F|  |TAMS 0x0000000088900000| PB 0x0000000088900000| Untracked 
|  84|0x0000000088a00000, 0x0000000088a00000, 0x0000000088b00000|  0%| F|  |TAMS 0x0000000088a00000| PB 0x0000000088a00000| Untracked 
|  85|0x0000000088b00000, 0x0000000088b00000, 0x0000000088c00000|  0%| F|  |TAMS 0x0000000088b00000| PB 0x0000000088b00000| Untracked 
|  86|0x0000000088c00000, 0x0000000088c00000, 0x0000000088d00000|  0%| F|  |TAMS 0x0000000088c00000| PB 0x0000000088c00000| Untracked 
|  87|0x0000000088d00000, 0x0000000088d00000, 0x0000000088e00000|  0%| F|  |TAMS 0x0000000088d00000| PB 0x0000000088d00000| Untracked 
|  88|0x0000000088e00000, 0x0000000088e00000, 0x0000000088f00000|  0%| F|  |TAMS 0x0000000088e00000| PB 0x0000000088e00000| Untracked 
|  89|0x0000000088f00000, 0x0000000088f00000, 0x0000000089000000|  0%| F|  |TAMS 0x0000000088f00000| PB 0x0000000088f00000| Untracked 
|  90|0x0000000089000000, 0x0000000089000000, 0x0000000089100000|  0%| F|  |TAMS 0x0000000089000000| PB 0x0000000089000000| Untracked 
|  91|0x0000000089100000, 0x0000000089100000, 0x0000000089200000|  0%| F|  |TAMS 0x0000000089100000| PB 0x0000000089100000| Untracked 
|  92|0x0000000089200000, 0x0000000089200000, 0x0000000089300000|  0%| F|  |TAMS 0x0000000089200000| PB 0x0000000089200000| Untracked 
|  93|0x0000000089300000, 0x0000000089300000, 0x0000000089400000|  0%| F|  |TAMS 0x0000000089300000| PB 0x0000000089300000| Untracked 
|  94|0x0000000089400000, 0x0000000089400000, 0x0000000089500000|  0%| F|  |TAMS 0x0000000089400000| PB 0x0000000089400000| Untracked 
|  95|0x0000000089500000, 0x0000000089500000, 0x0000000089600000|  0%| F|  |TAMS 0x0000000089500000| PB 0x0000000089500000| Untracked 
|  96|0x0000000089600000, 0x0000000089600000, 0x0000000089700000|  0%| F|  |TAMS 0x0000000089600000| PB 0x0000000089600000| Untracked 
|  97|0x0000000089700000, 0x0000000089700000, 0x0000000089800000|  0%| F|  |TAMS 0x0000000089700000| PB 0x0000000089700000| Untracked 
|  98|0x0000000089800000, 0x0000000089800000, 0x0000000089900000|  0%| F|  |TAMS 0x0000000089800000| PB 0x0000000089800000| Untracked 
|  99|0x0000000089900000, 0x0000000089900000, 0x0000000089a00000|  0%| F|  |TAMS 0x0000000089900000| PB 0x0000000089900000| Untracked 
| 100|0x0000000089a00000, 0x0000000089a00000, 0x0000000089b00000|  0%| F|  |TAMS 0x0000000089a00000| PB 0x0000000089a00000| Untracked 
| 101|0x0000000089b00000, 0x0000000089b00000, 0x0000000089c00000|  0%| F|  |TAMS 0x0000000089b00000| PB 0x0000000089b00000| Untracked 
| 102|0x0000000089c00000, 0x0000000089c00000, 0x0000000089d00000|  0%| F|  |TAMS 0x0000000089c00000| PB 0x0000000089c00000| Untracked 
| 103|0x0000000089d00000, 0x0000000089d00000, 0x0000000089e00000|  0%| F|  |TAMS 0x0000000089d00000| PB 0x0000000089d00000| Untracked 
| 104|0x0000000089e00000, 0x0000000089e00000, 0x0000000089f00000|  0%| F|  |TAMS 0x0000000089e00000| PB 0x0000000089e00000| Untracked 
| 105|0x0000000089f00000, 0x0000000089f00000, 0x000000008a000000|  0%| F|  |TAMS 0x0000000089f00000| PB 0x0000000089f00000| Untracked 
| 106|0x000000008a000000, 0x000000008a000000, 0x000000008a100000|  0%| F|  |TAMS 0x000000008a000000| PB 0x000000008a000000| Untracked 
| 107|0x000000008a100000, 0x000000008a100000, 0x000000008a200000|  0%| F|  |TAMS 0x000000008a100000| PB 0x000000008a100000| Untracked 
| 108|0x000000008a200000, 0x000000008a200000, 0x000000008a300000|  0%| F|  |TAMS 0x000000008a200000| PB 0x000000008a200000| Untracked 
| 109|0x000000008a300000, 0x000000008a300000, 0x000000008a400000|  0%| F|  |TAMS 0x000000008a300000| PB 0x000000008a300000| Untracked 
| 110|0x000000008a400000, 0x000000008a400000, 0x000000008a500000|  0%| F|  |TAMS 0x000000008a400000| PB 0x000000008a400000| Untracked 
| 111|0x000000008a500000, 0x000000008a5ebd70, 0x000000008a600000| 92%| E|  |TAMS 0x000000008a500000| PB 0x000000008a500000| Complete 
| 112|0x000000008a600000, 0x000000008a700000, 0x000000008a700000|100%| E|CS|TAMS 0x000000008a600000| PB 0x000000008a600000| Complete 
| 113|0x000000008a700000, 0x000000008a800000, 0x000000008a800000|100%| E|CS|TAMS 0x000000008a700000| PB 0x000000008a700000| Complete 
| 114|0x000000008a800000, 0x000000008a900000, 0x000000008a900000|100%| E|CS|TAMS 0x000000008a800000| PB 0x000000008a800000| Complete 
| 115|0x000000008a900000, 0x000000008aa00000, 0x000000008aa00000|100%| E|CS|TAMS 0x000000008a900000| PB 0x000000008a900000| Complete 
| 116|0x000000008aa00000, 0x000000008ab00000, 0x000000008ab00000|100%| E|CS|TAMS 0x000000008aa00000| PB 0x000000008aa00000| Complete 
| 117|0x000000008ab00000, 0x000000008ac00000, 0x000000008ac00000|100%| E|CS|TAMS 0x000000008ab00000| PB 0x000000008ab00000| Complete 
| 118|0x000000008ac00000, 0x000000008ad00000, 0x000000008ad00000|100%| E|CS|TAMS 0x000000008ac00000| PB 0x000000008ac00000| Complete 
| 119|0x000000008ad00000, 0x000000008ae00000, 0x000000008ae00000|100%| E|CS|TAMS 0x000000008ad00000| PB 0x000000008ad00000| Complete 
| 120|0x000000008ae00000, 0x000000008af00000, 0x000000008af00000|100%| E|CS|TAMS 0x000000008ae00000| PB 0x000000008ae00000| Complete 
| 121|0x000000008af00000, 0x000000008b000000, 0x000000008b000000|100%| E|CS|TAMS 0x000000008af00000| PB 0x000000008af00000| Complete 
| 122|0x000000008b000000, 0x000000008b100000, 0x000000008b100000|100%| E|CS|TAMS 0x000000008b000000| PB 0x000000008b000000| Complete 
| 123|0x000000008b100000, 0x000000008b200000, 0x000000008b200000|100%| E|CS|TAMS 0x000000008b100000| PB 0x000000008b100000| Complete 
| 124|0x000000008b200000, 0x000000008b300000, 0x000000008b300000|100%| E|CS|TAMS 0x000000008b200000| PB 0x000000008b200000| Complete 
| 125|0x000000008b300000, 0x000000008b400000, 0x000000008b400000|100%| E|CS|TAMS 0x000000008b300000| PB 0x000000008b300000| Complete 

Card table byte_map: [0x000001fe6ada0000,0x000001fe6b190000] _byte_map_base: 0x000001fe6a985000

Marking Bits: (CMBitMap*) 0x000001fe58581490
 Bits: [0x000001fe6b190000, 0x000001fe6d0b8000)

Polling page: 0x000001fe57cf0000

Metaspace:

Usage:
  Non-class:     14.72 MB used.
      Class:      1.75 MB used.
       Both:     16.47 MB used.

Virtual space:
  Non-class space:       64.00 MB reserved,      14.88 MB ( 23%) committed,  1 nodes.
      Class space:        1.00 GB reserved,       1.88 MB ( <1%) committed,  1 nodes.
             Both:        1.06 GB reserved,      16.75 MB (  2%) committed. 

Chunk freelists:
   Non-Class:  784.00 KB
       Class:  14.13 MB
        Both:  14.90 MB

MaxMetaspaceSize: unlimited
CompressedClassSpaceSize: 1.00 GB
Initial GC threshold: 21.00 MB
Current GC threshold: 21.00 MB
CDS: off
 - commit_granule_bytes: 65536.
 - commit_granule_words: 8192.
 - virtual_space_node_default_size: 8388608.
 - enlarge_chunks_in_place: 1.
 - use_allocation_guard: 0.


Internal statistics:

num_allocs_failed_limit: 0.
num_arena_births: 244.
num_arena_deaths: 0.
num_vsnodes_births: 2.
num_vsnodes_deaths: 0.
num_space_committed: 268.
num_space_uncommitted: 0.
num_chunks_returned_to_freelist: 0.
num_chunks_taken_from_freelist: 440.
num_chunk_merges: 0.
num_chunk_splits: 242.
num_chunks_enlarged: 108.
num_inconsistent_stats: 0.

CodeHeap 'non-profiled nmethods': size=120000Kb used=396Kb max_used=396Kb free=119603Kb
 bounds [0x000001fe63150000, 0x000001fe633c0000, 0x000001fe6a680000]
CodeHeap 'profiled nmethods': size=120000Kb used=1788Kb max_used=1788Kb free=118211Kb
 bounds [0x000001fe5b680000, 0x000001fe5b8f0000, 0x000001fe62bb0000]
CodeHeap 'non-nmethods': size=5760Kb used=1408Kb max_used=1429Kb free=4351Kb
 bounds [0x000001fe62bb0000, 0x000001fe62e20000, 0x000001fe63150000]
 total_blobs=1676 nmethods=1161 adapters=420
 compilation: enabled
              stopped_count=0, restarted_count=0
 full_count=0

Compilation events (20 events):
Event: 0.750 Thread 0x000001fe740a15f0 1153       3       java.lang.invoke.MethodHandles$Lookup::linkMethodHandleConstant (223 bytes)
Event: 0.752 Thread 0x000001fe740a15f0 nmethod 1153 0x000001fe5b83aa10 code [0x000001fe5b83ae00, 0x000001fe5b83c568]
Event: 0.752 Thread 0x000001fe740a15f0 1154       3       java.lang.ref.Reference::refersToImpl (6 bytes)
Event: 0.752 Thread 0x000001fe740a15f0 nmethod 1154 0x000001fe5b83cd10 code [0x000001fe5b83cec0, 0x000001fe5b83cff8]
Event: 0.752 Thread 0x000001fe740a15f0 1155       3       java.util.concurrent.locks.AbstractQueuedSynchronizer::signalNext (34 bytes)
Event: 0.753 Thread 0x000001fe740a15f0 nmethod 1155 0x000001fe5b83d090 code [0x000001fe5b83d280, 0x000001fe5b83d700]
Event: 0.753 Thread 0x000001fe740a15f0 1156       3       java.nio.ByteBuffer::hasArray (20 bytes)
Event: 0.753 Thread 0x000001fe748a2430 1157       4       java.lang.invoke.VarHandle::checkAccessModeThenIsDirect (29 bytes)
Event: 0.753 Thread 0x000001fe740a15f0 nmethod 1156 0x000001fe5b83d890 code [0x000001fe5b83da40, 0x000001fe5b83dbd8]
Event: 0.753 Thread 0x000001fe740a15f0 1158   !   3       jdk.internal.misc.ScopedMemoryAccess::copyMemory (27 bytes)
Event: 0.754 Thread 0x000001fe740a15f0 nmethod 1158 0x000001fe5b83dc90 code [0x000001fe5b83dea0, 0x000001fe5b83e4a8]
Event: 0.754 Thread 0x000001fe740a15f0 1159   !   3       jdk.internal.misc.ScopedMemoryAccess::copyMemoryInternal (56 bytes)
Event: 0.754 Thread 0x000001fe740a15f0 nmethod 1159 0x000001fe5b83e890 code [0x000001fe5b83ea80, 0x000001fe5b83efa0]
Event: 0.756 Thread 0x000001fe740a15f0 1160       1       java.util.concurrent.atomic.AtomicInteger::get (5 bytes)
Event: 0.756 Thread 0x000001fe740a15f0 nmethod 1160 0x000001fe631b2190 code [0x000001fe631b2320, 0x000001fe631b23e8]
Event: 0.756 Thread 0x000001fe748a2430 nmethod 1157 0x000001fe631b2490 code [0x000001fe631b2640, 0x000001fe631b28d0]
Event: 0.756 Thread 0x000001fe748a2430 1161       4       java.lang.invoke.VarForm::getMemberName (31 bytes)
Event: 0.757 Thread 0x000001fe748a2430 nmethod 1161 0x000001fe631b2a90 code [0x000001fe631b2c20, 0x000001fe631b2d40]
Event: 0.758 Thread 0x000001fe740a15f0 1162       1       sun.security.provider.DigestBase::engineGetDigestLength (5 bytes)
Event: 0.758 Thread 0x000001fe740a15f0 nmethod 1162 0x000001fe631b2e90 code [0x000001fe631b3020, 0x000001fe631b30e8]

GC Heap History (0 events):
No events

Dll operation events (2 events):
Event: 0.008 Loaded shared library C:\Program Files\Android\Android Studio\jbr\bin\java.dll
Event: 0.013 Loaded shared library C:\Program Files\Android\Android Studio\jbr\bin\zip.dll

Deoptimization events (20 events):
Event: 0.686 Thread 0x000001fe747b2450 Uncommon trap: trap_request=0xffffff66 fr.pc=0x000001fe631a8314 relative=0x0000000000000334
Event: 0.686 Thread 0x000001fe747b2450 Uncommon trap: reason=speculate_class_check action=maybe_recompile pc=0x000001fe631a8314 method=sun.security.util.math.intpoly.IntegerPolynomial.multByInt([JJ)V @ 26 c2
Event: 0.686 Thread 0x000001fe747b2450 DEOPT PACKING pc=0x000001fe631a8314 sp=0x000000992c2fe100
Event: 0.686 Thread 0x000001fe747b2450 DEOPT UNPACKING pc=0x000001fe62c046a2 sp=0x000000992c2fe040 mode 2
Event: 0.686 Thread 0x000001fe747b2450 Uncommon trap: trap_request=0xffffffde fr.pc=0x000001fe631a2bc0 relative=0x0000000000000280
Event: 0.686 Thread 0x000001fe747b2450 Uncommon trap: reason=class_check action=maybe_recompile pc=0x000001fe631a2bc0 method=sun.security.util.math.intpoly.IntegerPolynomial.multByInt([JJ)V @ 26 c2
Event: 0.686 Thread 0x000001fe747b2450 DEOPT PACKING pc=0x000001fe631a2bc0 sp=0x000000992c2fe070
Event: 0.686 Thread 0x000001fe747b2450 DEOPT UNPACKING pc=0x000001fe62c046a2 sp=0x000000992c2fe040 mode 2
Event: 0.686 Thread 0x000001fe747b2450 Uncommon trap: trap_request=0xffffffde fr.pc=0x000001fe631a2bc0 relative=0x0000000000000280
Event: 0.686 Thread 0x000001fe747b2450 Uncommon trap: reason=class_check action=maybe_recompile pc=0x000001fe631a2bc0 method=sun.security.util.math.intpoly.IntegerPolynomial.multByInt([JJ)V @ 26 c2
Event: 0.686 Thread 0x000001fe747b2450 DEOPT PACKING pc=0x000001fe631a2bc0 sp=0x000000992c2fe070
Event: 0.686 Thread 0x000001fe747b2450 DEOPT UNPACKING pc=0x000001fe62c046a2 sp=0x000000992c2fe040 mode 2
Event: 0.686 Thread 0x000001fe747b2450 Uncommon trap: trap_request=0xffffffde fr.pc=0x000001fe631a2bc0 relative=0x0000000000000280
Event: 0.686 Thread 0x000001fe747b2450 Uncommon trap: reason=class_check action=maybe_recompile pc=0x000001fe631a2bc0 method=sun.security.util.math.intpoly.IntegerPolynomial.multByInt([JJ)V @ 26 c2
Event: 0.686 Thread 0x000001fe747b2450 DEOPT PACKING pc=0x000001fe631a2bc0 sp=0x000000992c2fe070
Event: 0.686 Thread 0x000001fe747b2450 DEOPT UNPACKING pc=0x000001fe62c046a2 sp=0x000000992c2fe040 mode 2
Event: 0.686 Thread 0x000001fe747b2450 Uncommon trap: trap_request=0xffffffde fr.pc=0x000001fe631a2bc0 relative=0x0000000000000280
Event: 0.686 Thread 0x000001fe747b2450 Uncommon trap: reason=class_check action=maybe_recompile pc=0x000001fe631a2bc0 method=sun.security.util.math.intpoly.IntegerPolynomial.multByInt([JJ)V @ 26 c2
Event: 0.686 Thread 0x000001fe747b2450 DEOPT PACKING pc=0x000001fe631a2bc0 sp=0x000000992c2fe070
Event: 0.686 Thread 0x000001fe747b2450 DEOPT UNPACKING pc=0x000001fe62c046a2 sp=0x000000992c2fe040 mode 2

Classes loaded (20 events):
Event: 0.723 Loading class jdk/internal/event/TLSHandshakeEvent
Event: 0.723 Loading class jdk/internal/event/TLSHandshakeEvent done
Event: 0.723 Loading class com/sun/crypto/provider/GaloisCounterMode$GCMEncrypt
Event: 0.724 Loading class com/sun/crypto/provider/GaloisCounterMode$GCMEncrypt done
Event: 0.724 Loading class com/sun/crypto/provider/GaloisCounterMode$EncryptOp
Event: 0.724 Loading class com/sun/crypto/provider/GaloisCounterMode$EncryptOp done
Event: 0.724 Loading class sun/security/ssl/CipherSuite$1
Event: 0.724 Loading class sun/security/ssl/CipherSuite$1 done
Event: 0.726 Loading class java/util/concurrent/CompletionException
Event: 0.726 Loading class java/util/concurrent/CompletionException done
Event: 0.746 Loading class java/util/Collections$UnmodifiableMap$UnmodifiableEntrySet
Event: 0.746 Loading class java/util/Collections$UnmodifiableMap$UnmodifiableEntrySet done
Event: 0.746 Loading class java/util/Collections$UnmodifiableMap$UnmodifiableEntrySet$1
Event: 0.746 Loading class java/util/Collections$UnmodifiableMap$UnmodifiableEntrySet$1 done
Event: 0.746 Loading class java/util/Collections$UnmodifiableMap$UnmodifiableEntrySet$UnmodifiableEntry
Event: 0.746 Loading class java/util/Collections$UnmodifiableMap$UnmodifiableEntrySet$UnmodifiableEntry done
Event: 0.757 Loading class sun/security/ssl/NewSessionTicket$T13NewSessionTicketMessage
Event: 0.757 Loading class sun/security/ssl/NewSessionTicket$NewSessionTicketMessage
Event: 0.757 Loading class sun/security/ssl/NewSessionTicket$NewSessionTicketMessage done
Event: 0.757 Loading class sun/security/ssl/NewSessionTicket$T13NewSessionTicketMessage done

Classes unloaded (0 events):
No events

Classes redefined (0 events):
No events

Internal exceptions (20 events):
Event: 0.358 Thread 0x000001fe5852efd0 Exception <a 'java/lang/NoSuchMethodError'{0x000000008aecef88}: 'int java.lang.invoke.DirectMethodHandle$Holder.invokeStaticInit(java.lang.Object, long, long)'> (0x000000008aecef88) 
thrown [s\src\hotspot\share\interpreter\linkResolver.cpp, line 784]
Event: 0.359 Thread 0x000001fe5852efd0 Exception <a 'java/lang/NoSuchMethodError'{0x000000008aed5a20}: 'int java.lang.invoke.DirectMethodHandle$Holder.invokeStaticInit(java.lang.Object, float, float)'> (0x000000008aed5a20) 
thrown [s\src\hotspot\share\interpreter\linkResolver.cpp, line 784]
Event: 0.359 Thread 0x000001fe5852efd0 Exception <a 'java/lang/NoSuchMethodError'{0x000000008aedc5d8}: 'int java.lang.invoke.DirectMethodHandle$Holder.invokeStaticInit(java.lang.Object, double, double)'> (0x000000008aedc5d8) 
thrown [s\src\hotspot\share\interpreter\linkResolver.cpp, line 784]
Event: 0.360 Thread 0x000001fe5852efd0 Exception <a 'java/lang/NoSuchMethodError'{0x000000008aee0c60}: 'int java.lang.invoke.DirectMethodHandle$Holder.invokeStatic(java.lang.Object, long)'> (0x000000008aee0c60) 
thrown [s\src\hotspot\share\interpreter\linkResolver.cpp, line 784]
Event: 0.365 Thread 0x000001fe5852efd0 Exception <a 'java/lang/NoSuchMethodError'{0x000000008ad0df60}: 'java.lang.Object java.lang.invoke.DelegatingMethodHandle$Holder.delegate(java.lang.Object, int, java.lang.Object, java.lang.Object)'> (0x000000008ad0df60) 
thrown [s\src\hotspot\share\interpreter\linkResolver.cpp, line 784]
Event: 0.367 Thread 0x000001fe5852efd0 Exception <a 'java/lang/NoSuchMethodError'{0x000000008ad1d280}: 'int java.lang.invoke.Invokers$Holder.linkToTargetMethod(java.lang.Object, java.lang.Object, java.lang.Object)'> (0x000000008ad1d280) 
thrown [s\src\hotspot\share\interpreter\linkResolver.cpp, line 784]
Event: 0.371 Thread 0x000001fe5852efd0 Exception <a 'java/lang/NoSuchMethodError'{0x000000008ad4c298}: 'long java.lang.invoke.DirectMethodHandle$Holder.invokeSpecial(java.lang.Object, java.lang.Object)'> (0x000000008ad4c298) 
thrown [s\src\hotspot\share\interpreter\linkResolver.cpp, line 784]
Event: 0.372 Thread 0x000001fe5852efd0 Exception <a 'java/lang/NoSuchMethodError'{0x000000008ad52b68}: 'int java.lang.invoke.DirectMethodHandle$Holder.invokeStatic(java.lang.Object, java.lang.Object, java.lang.Object, java.lang.Object)'> (0x000000008ad52b68) 
thrown [s\src\hotspot\share\interpreter\linkResolver.cpp, line 784]
Event: 0.372 Thread 0x000001fe5852efd0 Exception <a 'java/lang/NoSuchMethodError'{0x000000008ad55f88}: 'java.lang.Object java.lang.invoke.Invokers$Holder.invokeExact_MT(java.lang.Object, java.lang.Object, java.lang.Object, java.lang.Object, java.lang.Object, java.lang.Object)'> (0x000000008ad55f88) 
thrown [s\src\hotspot\share\interpreter\linkResolver.cpp, line 784]
Event: 0.452 Thread 0x000001fe5852efd0 Exception <a 'java/lang/NoSuchMethodError'{0x000000008ace2248}: 'java.lang.Object java.lang.invoke.DirectMethodHandle$Holder.newInvokeSpecial(java.lang.Object, java.lang.Object, java.lang.Object, java.lang.Object, java.lang.Object)'> (0x000000008ace2248) 
thrown [s\src\hotspot\share\interpreter\linkResolver.cpp, line 784]
Event: 0.481 Thread 0x000001fe5852efd0 Exception <a 'java/lang/NoSuchMethodError'{0x000000008aa51d00}: 'java.lang.Object java.lang.invoke.DirectMethodHandle$Holder.invokeSpecial(java.lang.Object, java.lang.Object, java.lang.Object, java.lang.Object, int)'> (0x000000008aa51d00) 
thrown [s\src\hotspot\share\interpreter\linkResolver.cpp, line 784]
Event: 0.481 Thread 0x000001fe5852efd0 Exception <a 'java/lang/NoSuchMethodError'{0x000000008aa55668}: 'java.lang.Object java.lang.invoke.Invokers$Holder.linkToTargetMethod(java.lang.Object, java.lang.Object, int, java.lang.Object)'> (0x000000008aa55668) 
thrown [s\src\hotspot\share\interpreter\linkResolver.cpp, line 784]
Event: 0.488 Thread 0x000001fe5852efd0 Exception <a 'java/lang/NoSuchMethodError'{0x000000008aa81618}: 'void java.lang.invoke.DirectMethodHandle$Holder.invokeSpecial(java.lang.Object, java.lang.Object, java.lang.Object)'> (0x000000008aa81618) 
thrown [s\src\hotspot\share\interpreter\linkResolver.cpp, line 784]
Event: 0.503 Thread 0x000001fe5852efd0 Exception <a 'java/lang/NoSuchMethodError'{0x000000008a91a360}: 'void java.lang.invoke.DirectMethodHandle$Holder.invokeSpecial(java.lang.Object, java.lang.Object, java.lang.Object, java.lang.Object, java.lang.Object)'> (0x000000008a91a360) 
thrown [s\src\hotspot\share\interpreter\linkResolver.cpp, line 784]
Event: 0.503 Thread 0x000001fe74760c10 Exception <a 'java/lang/NoSuchMethodError'{0x000000008aaf8328}: 'void java.lang.invoke.DirectMethodHandle$Holder.invokeStatic(java.lang.Object, java.lang.Object, int)'> (0x000000008aaf8328) 
thrown [s\src\hotspot\share\interpreter\linkResolver.cpp, line 784]
Event: 0.513 Thread 0x000001fe74760c10 Exception <a 'java/lang/NoSuchMethodError'{0x000000008a9a7b48}: 'void java.lang.invoke.DirectMethodHandle$Holder.invokeStatic(java.lang.Object, java.lang.Object)'> (0x000000008a9a7b48) 
thrown [s\src\hotspot\share\interpreter\linkResolver.cpp, line 784]
Event: 0.515 Thread 0x000001fe747b2450 Exception <a 'java/lang/NoSuchMethodError'{0x000000008a80b678}: 'void java.lang.invoke.DirectMethodHandle$Holder.invokeInterface(java.lang.Object, java.lang.Object, java.lang.Object)'> (0x000000008a80b678) 
thrown [s\src\hotspot\share\interpreter\linkResolver.cpp, line 784]
Event: 0.522 Thread 0x000001fe747b2450 Exception <a 'java/lang/NoSuchMethodError'{0x000000008a850fc8}: 'void java.lang.invoke.DirectMethodHandle$Holder.invokeVirtual(java.lang.Object, java.lang.Object)'> (0x000000008a850fc8) 
thrown [s\src\hotspot\share\interpreter\linkResolver.cpp, line 784]
Event: 0.679 Thread 0x000001fe747b2450 Exception <a 'java/lang/NoSuchMethodError'{0x000000008a7f0160}: 'void java.lang.invoke.DirectMethodHandle$Holder.invokeInterface(java.lang.Object, java.lang.Object)'> (0x000000008a7f0160) 
thrown [s\src\hotspot\share\interpreter\linkResolver.cpp, line 784]
Event: 0.725 Thread 0x000001fe747b2450 Exception <a 'java/lang/NoSuchMethodError'{0x000000008a6628f8}: 'void java.lang.invoke.DirectMethodHandle$Holder.invokeStatic(java.lang.Object, java.lang.Object, java.lang.Object, java.lang.Object)'> (0x000000008a6628f8) 
thrown [s\src\hotspot\share\interpreter\linkResolver.cpp, line 784]

ZGC Phase Switch (0 events):
No events

VM Operations (8 events):
Event: 0.106 Executing VM operation: HandshakeAllThreads (Deoptimize)
Event: 0.106 Executing VM operation: HandshakeAllThreads (Deoptimize) done
Event: 0.116 Executing VM operation: HandshakeAllThreads (Deoptimize)
Event: 0.116 Executing VM operation: HandshakeAllThreads (Deoptimize) done
Event: 0.292 Executing VM operation: HandshakeAllThreads (Deoptimize)
Event: 0.292 Executing VM operation: HandshakeAllThreads (Deoptimize) done
Event: 0.716 Executing VM operation: ICBufferFull
Event: 0.716 Executing VM operation: ICBufferFull done

Memory protections (0 events):
No events

Nmethod flushes (0 events):
No events

Events (20 events):
Event: 0.012 Thread 0x000001fe5852efd0 Thread added: 0x000001fe5852efd0
Event: 0.054 Thread 0x000001fe5852efd0 Thread added: 0x000001fe74076210
Event: 0.054 Thread 0x000001fe5852efd0 Thread added: 0x000001fe74052bf0
Event: 0.055 Thread 0x000001fe5852efd0 Thread added: 0x000001fe7405d9e0
Event: 0.055 Thread 0x000001fe5852efd0 Thread added: 0x000001fe7405bc10
Event: 0.055 Thread 0x000001fe5852efd0 Thread added: 0x000001fe740601f0
Event: 0.055 Thread 0x000001fe5852efd0 Thread added: 0x000001fe74060c40
Event: 0.055 Thread 0x000001fe5852efd0 Thread added: 0x000001fe74080f40
Event: 0.055 Thread 0x000001fe5852efd0 Thread added: 0x000001fe740a15f0
Event: 0.083 Thread 0x000001fe5852efd0 Thread added: 0x000001fe74236a10
Event: 0.088 Thread 0x000001fe5852efd0 Thread added: 0x000001fe7423d6d0
Event: 0.094 Loaded shared library C:\Program Files\Android\Android Studio\jbr\bin\net.dll
Event: 0.096 Loaded shared library C:\Program Files\Android\Android Studio\jbr\bin\nio.dll
Event: 0.103 Loaded shared library C:\Program Files\Android\Android Studio\jbr\bin\zip.dll
Event: 0.171 Loaded shared library C:\Program Files\Android\Android Studio\jbr\bin\jimage.dll
Event: 0.442 Loaded shared library C:\Program Files\Android\Android Studio\jbr\bin\extnet.dll
Event: 0.447 Thread 0x000001fe5852efd0 Thread added: 0x000001fe74760c10
Event: 0.512 Thread 0x000001fe74760c10 Thread added: 0x000001fe747b2450
Event: 0.528 Thread 0x000001fe74760c10 Thread added: 0x000001fe747dff20
Event: 0.572 Thread 0x000001fe740a15f0 Thread added: 0x000001fe748a2430


Dynamic libraries:
0x00007ff75e550000 - 0x00007ff75e55a000 	C:\Program Files\Android\Android Studio\jbr\bin\java.exe
0x00007ffeaa7d0000 - 0x00007ffeaa9e7000 	C:\Windows\SYSTEM32\ntdll.dll
0x00007ffea97c0000 - 0x00007ffea9884000 	C:\Windows\System32\KERNEL32.DLL
0x00007ffea7aa0000 - 0x00007ffea7e73000 	C:\Windows\System32\KERNELBASE.dll
0x00007ffea7ff0000 - 0x00007ffea8101000 	C:\Windows\System32\ucrtbase.dll
0x00007ffe91790000 - 0x00007ffe917a8000 	C:\Program Files\Android\Android Studio\jbr\bin\jli.dll
0x00007ffea0ce0000 - 0x00007ffea0cfb000 	C:\Program Files\Android\Android Studio\jbr\bin\VCRUNTIME140.dll
0x00007ffea95a0000 - 0x00007ffea9751000 	C:\Windows\System32\USER32.dll
0x00007ffea78c0000 - 0x00007ffea78e6000 	C:\Windows\System32\win32u.dll
0x00007ffe95720000 - 0x00007ffe959bb000 	C:\Windows\WinSxS\amd64_microsoft.windows.common-controls_6595b64144ccf1df_6.0.22621.5262_none_2712bde373830908\COMCTL32.dll
0x00007ffea8780000 - 0x00007ffea87a9000 	C:\Windows\System32\GDI32.dll
0x00007ffea8460000 - 0x00007ffea8507000 	C:\Windows\System32\msvcrt.dll
0x00007ffea78f0000 - 0x00007ffea7a12000 	C:\Windows\System32\gdi32full.dll
0x00007ffea8250000 - 0x00007ffea82ea000 	C:\Windows\System32\msvcp_win.dll
0x00007ffea9f90000 - 0x00007ffea9fc1000 	C:\Windows\System32\IMM32.DLL
0x00007ffea1c30000 - 0x00007ffea1c3c000 	C:\Program Files\Android\Android Studio\jbr\bin\vcruntime140_1.dll
0x00007ffe6d020000 - 0x00007ffe6d0ad000 	C:\Program Files\Android\Android Studio\jbr\bin\msvcp140.dll
0x00007ffe5d530000 - 0x00007ffe5e1bb000 	C:\Program Files\Android\Android Studio\jbr\bin\server\jvm.dll
0x00007ffea94e0000 - 0x00007ffea9591000 	C:\Windows\System32\ADVAPI32.dll
0x00007ffeaa260000 - 0x00007ffeaa307000 	C:\Windows\System32\sechost.dll
0x00007ffea7fc0000 - 0x00007ffea7fe8000 	C:\Windows\System32\bcrypt.dll
0x00007ffea9890000 - 0x00007ffea99a4000 	C:\Windows\System32\RPCRT4.dll
0x00007ffea85f0000 - 0x00007ffea8661000 	C:\Windows\System32\WS2_32.dll
0x00007ffea0b80000 - 0x00007ffea0bb4000 	C:\Windows\SYSTEM32\WINMM.dll
0x00007ffea6750000 - 0x00007ffea679d000 	C:\Windows\SYSTEM32\POWRPROF.dll
0x00007ffea1c00000 - 0x00007ffea1c0a000 	C:\Windows\SYSTEM32\VERSION.dll
0x00007ffea6730000 - 0x00007ffea6743000 	C:\Windows\SYSTEM32\UMPDC.dll
0x00007ffea6990000 - 0x00007ffea69a8000 	C:\Windows\SYSTEM32\kernel.appcore.dll
0x00007ffea0cd0000 - 0x00007ffea0cda000 	C:\Program Files\Android\Android Studio\jbr\bin\jimage.dll
0x00007ffea5370000 - 0x00007ffea55a2000 	C:\Windows\SYSTEM32\DBGHELP.DLL
0x00007ffea9a30000 - 0x00007ffea9dc3000 	C:\Windows\System32\combase.dll
0x00007ffea8510000 - 0x00007ffea85e7000 	C:\Windows\System32\OLEAUT32.dll
0x00007ffe7a480000 - 0x00007ffe7a4b2000 	C:\Windows\SYSTEM32\dbgcore.DLL
0x00007ffea7a20000 - 0x00007ffea7a9b000 	C:\Windows\System32\bcryptPrimitives.dll
0x00007ffe96a20000 - 0x00007ffe96a40000 	C:\Program Files\Android\Android Studio\jbr\bin\java.dll
0x00007ffe95c70000 - 0x00007ffe95c88000 	C:\Program Files\Android\Android Studio\jbr\bin\zip.dll
0x00007ffea8830000 - 0x00007ffea90cd000 	C:\Windows\System32\SHELL32.dll
0x00007ffea7e80000 - 0x00007ffea7fbf000 	C:\Windows\System32\wintypes.dll
0x00007ffea5810000 - 0x00007ffea612d000 	C:\Windows\SYSTEM32\windows.storage.dll
0x00007ffea8670000 - 0x00007ffea877b000 	C:\Windows\System32\SHCORE.dll
0x00007ffea87b0000 - 0x00007ffea8816000 	C:\Windows\System32\shlwapi.dll
0x00007ffea77f0000 - 0x00007ffea781b000 	C:\Windows\SYSTEM32\profapi.dll
0x00007ffe96a50000 - 0x00007ffe96a60000 	C:\Program Files\Android\Android Studio\jbr\bin\net.dll
0x00007ffea0f90000 - 0x00007ffea10bc000 	C:\Windows\SYSTEM32\WINHTTP.dll
0x00007ffea6e70000 - 0x00007ffea6eda000 	C:\Windows\system32\mswsock.dll
0x00007ffe95c50000 - 0x00007ffe95c66000 	C:\Program Files\Android\Android Studio\jbr\bin\nio.dll
0x00007ffea70d0000 - 0x00007ffea70eb000 	C:\Windows\SYSTEM32\CRYPTSP.dll
0x00007ffea6950000 - 0x00007ffea6987000 	C:\Windows\system32\rsaenh.dll
0x00007ffea6f60000 - 0x00007ffea6f88000 	C:\Windows\SYSTEM32\USERENV.dll
0x00007ffea70c0000 - 0x00007ffea70cc000 	C:\Windows\SYSTEM32\CRYPTBASE.dll
0x00007ffea6400000 - 0x00007ffea642d000 	C:\Windows\SYSTEM32\IPHLPAPI.DLL
0x00007ffea8820000 - 0x00007ffea8829000 	C:\Windows\System32\NSI.dll
0x00007ffe6f460000 - 0x00007ffe6f468000 	C:\Windows\system32\wshunix.dll
0x00007ffe96a10000 - 0x00007ffe96a19000 	C:\Program Files\Android\Android Studio\jbr\bin\extnet.dll

dbghelp: loaded successfully - version: 4.0.5 - missing functions: none
symbol engine: initialized successfully - sym options: 0x614 - pdb path: .;C:\Program Files\Android\Android Studio\jbr\bin;C:\Windows\SYSTEM32;C:\Windows\WinSxS\amd64_microsoft.windows.common-controls_6595b64144ccf1df_6.0.22621.5262_none_2712bde373830908;C:\Program Files\Android\Android Studio\jbr\bin\server

VM Arguments:
java_command: git4idea.http.GitAskPassApp Username for 'https://github.com': 
java_class_path (initial): C:/Program Files/Android/Android Studio/plugins/vcs-git/lib/git4idea-rt.jar;C:/Program Files/Android/Android Studio/lib/externalProcess-rt.jar
Launcher Type: SUN_STANDARD

[Global flags]
     intx CICompilerCount                          = 4                                         {product} {ergonomic}
     uint ConcGCThreads                            = 2                                         {product} {ergonomic}
     uint G1ConcRefinementThreads                  = 8                                         {product} {ergonomic}
   size_t G1HeapRegionSize                         = 1048576                                   {product} {ergonomic}
    uintx GCDrainStackTargetSize                   = 64                                        {product} {ergonomic}
   size_t InitialHeapSize                          = 132120576                                 {product} {ergonomic}
   size_t MarkStackSize                            = 4194304                                   {product} {ergonomic}
   size_t MaxHeapSize                              = 2090860544                                {product} {ergonomic}
   size_t MaxNewSize                               = 1254096896                                {product} {ergonomic}
   size_t MinHeapDeltaBytes                        = 1048576                                   {product} {ergonomic}
   size_t MinHeapSize                              = 8388608                                   {product} {ergonomic}
    uintx NonNMethodCodeHeapSize                   = 5839372                                {pd product} {ergonomic}
    uintx NonProfiledCodeHeapSize                  = 122909434                              {pd product} {ergonomic}
    uintx ProfiledCodeHeapSize                     = 122909434                              {pd product} {ergonomic}
    uintx ReservedCodeCacheSize                    = 251658240                              {pd product} {ergonomic}
     bool SegmentedCodeCache                       = true                                      {product} {ergonomic}
   size_t SoftMaxHeapSize                          = 2090860544                             {manageable} {ergonomic}
     bool UseCompressedOops                        = true                           {product lp64_product} {ergonomic}
     bool UseG1GC                                  = true                                      {product} {ergonomic}
     bool UseLargePagesIndividualAllocation        = false                                  {pd product} {ergonomic}

Logging:
Log output configuration:
 #0: stdout all=warning uptime,level,tags foldmultilines=false
 #1: stderr all=off uptime,level,tags foldmultilines=false

Environment Variables:
PATH=C:\Program Files\Git\mingw64\libexec\git-core;C:\Program Files\Git\mingw64\libexec\git-core;C:\Program Files\Git\mingw64\bin;C:\Program Files\Git\usr\bin;C:\Users\HONAMTU\bin;C:\Users\HONAMTU\AppData\Local\Temp\_MEI210642\pywin32_system32;C:\Program Files\Common Files\Oracle\Java\javapath;C:\Program Files (x86)\Common Files\Oracle\Java\javapath;C:\Windows\system32;C:\Windows;C:\Windows\System32\Wbem;C:\Windows\System32\WindowsPowerShell\v1.0;C:\Windows\System32\OpenSSH;C:\Program Files\Intel\WiFi\bin;C:\Program Files\Common Files\Intel\WirelessCommon;C:\Program Files\Cloudflare\Cloudflare WARP;C:\Users\HONAMTU\AppData\Local\Programs\Python\Python312\Scripts;C:\Users\HONAMTU\AppData\Local\Programs\Python\Python312;C:\Users\HONAMTU\anaconda3;C:\Users\HONAMTU\anaconda3\Library\mingw-w64\bin;C:\Users\HONAMTU\anaconda3\Library\usr\bin;C:\Users\HONAMTU\anaconda3\Library\bin;C:\Users\HONAMTU\anaconda3\Scripts;C:\Users\HONAMTU\AppData\Local\Microsoft\WindowsApps;C:\Users\HONAMTU\AppData\Local\Programs\Microsoft VS Code\bin;C:\Program Files\JetBrains\IntelliJ IDEA 2024.2.4\bin;C:\Users\HONAMTU\AppData\Local\JetBrains\PyCharm 2024.2.4\bin;C:\Users\HONAMTU\AppData\Local\JetBrains\PyCharm Community Edition 2024.2.4\bin;D:\List_manga\RailgunD;C:\Program Files\Git\cmd;C:\Program Files\nodejs;C:\Users\HONAMTU\AppData\Local\Programs\cursor\resources\app\bin;C:\Program Files\Java\jdk-21\bin;C:\Users\HONAMTU\AppData\Local\Microsoft\WindowsApps;C:\Program Files\JetBrains\IntelliJ IDEA 2024.3.1.1\bin;C:\Users\HONAMTU\AppData\Local\JetBrains\PyCharm 2024.2.4\bin;C:\Program Files\JetBrains\PyCharm Community Edition 2024.3.1.1\bin;C:\flutter\bin;C:\Users\HONAMTU\AppData\Local\Programs\Microsoft VS Code\bin;C:\Users\HONAMTU\AppData\Roaming\npm;C:\Users\HONAMTU\AppData\Local\Pub\Cache\bin;C:\Users\HONAMTU\AppData\Local\Programs\cursor\resources\app\bin;C:\Program Files\Java\jdk-17\bin;C:\Program Files\Java\jdk-21\bin
USERNAME=HONAMTU
DISPLAY=:0.0
LC_ALL=en_US.UTF-8
TERM=xterm-256color
TMPDIR=C:\Users\HONAMTU\AppData\Local\Temp
OS=Windows_NT
PROCESSOR_IDENTIFIER=Intel64 Family 6 Model 142 Stepping 12, GenuineIntel
TMP=C:\Users\HONAMTU\AppData\Local\Temp
TEMP=C:\Users\HONAMTU\AppData\Local\Temp




Periodic native trim disabled

JNI global refs:
JNI global refs: 20, weak refs: 0

JNI global refs memory usage: 835, weak refs: 833

Process memory usage:
Resident Set Size: 84396K (1% of 8164532K total physical memory with 480004K free physical memory)

OOME stack traces (most recent first):
Classloader memory used:
Loader bootstrap                                                                       : 15067K
Loader jdk.internal.loader.ClassLoaders$PlatformClassLoader                            : 1784K
Loader jdk.internal.loader.ClassLoaders$AppClassLoader                                 : 16448B

---------------  S Y S T E M  ---------------

OS:
 Windows 11 , 64 bit Build 22621 (10.0.22621.5262)
OS uptime: 1 days 20:14 hours

CPU: total 8 (initial active 8) (4 cores per cpu, 2 threads per core) family 6 model 142 stepping 12 microcode 0xfa, cx8, cmov, fxsr, ht, mmx, 3dnowpref, sse, sse2, sse3, ssse3, sse4.1, sse4.2, popcnt, lzcnt, tsc, tscinvbit, avx, avx2, aes, erms, clmul, bmi1, bmi2, adx, fma, vzeroupper, clflush, clflushopt, rdtscp, f16c
Processor Information for the first 8 processors :
  Max Mhz: 1896, Current Mhz: 798, Mhz Limit: 796

Memory: 4k page, system-wide physical 7973M (468M free)
TotalPageFile size 24728M (AvailPageFile size 48M)
current process WorkingSet (physical memory assigned to process): 82M, peak: 84M
current process commit charge ("private bytes"): 232M, peak: 234M

vm_info: OpenJDK 64-Bit Server VM (21.0.6+-13355223-b631.42) for windows-amd64 JRE (21.0.6+-13355223-b631.42), built on 2025-04-14T18:21:23Z by "builder" with MS VC++ 16.10 / 16.11 (VS2019)

END.
